Log file open, 02/26/18 21:58:06
LogWindows: Failed to load 'aqProf.dll' (GetLastError=126)
LogWindows: File 'aqProf.dll' does not exist
LogWindows: Failed to load 'VSPerf140.dll' (GetLastError=126)
LogWindows: File 'VSPerf140.dll' does not exist
LogWindows: Failed to load 'VtuneApi.dll' (GetLastError=126)
LogWindows: File 'VtuneApi.dll' does not exist
LogWindows: Failed to load 'VtuneApi32e.dll' (GetLastError=126)
LogWindows: File 'VtuneApi32e.dll' does not exist
LogInit: Display: Running engine for game: PuzzlePlatforms
LogPlatformFile: Not using cached read wrapper
LogInit: Display: RandInit(190276575) SRandInit(190276576).
LogInit: Read version file with build ID '3709383'
LogInit: Overriding engine version to CL 3832480, compatible CL 3709383
LogInit: Registered custom module enumerator with build ID '3709383'
LogTaskGraph: Started task graph with 5 named threads and 14 total threads with 3 sets of task threads.
LogStats: Stats thread started at 0.239376
LogD3D11RHI: Aftermath initialized
LogPluginManager: Mounting plugin Paper2D
LogPluginManager: Mounting plugin LightPropagationVolume
LogPluginManager: Mounting plugin CodeLiteSourceCodeAccess
LogPluginManager: Mounting plugin GitSourceControl
LogPluginManager: Mounting plugin KDevelopSourceCodeAccess
LogPluginManager: Mounting plugin NullSourceCodeAccess
LogPluginManager: Mounting plugin PerforceSourceControl
LogPluginManager: Mounting plugin SubversionSourceControl
LogPluginManager: Mounting plugin UObjectPlugin
LogPluginManager: Mounting plugin VisualStudioCodeSourceCodeAccess
LogPluginManager: Mounting plugin VisualStudioSourceCodeAccess
LogPluginManager: Mounting plugin XCodeSourceCodeAccess
LogPluginManager: Mounting plugin AssetManagerEditor
LogPluginManager: Mounting plugin AudioCapture
LogPluginManager: Mounting plugin FacialAnimation
LogPluginManager: Mounting plugin GameplayTagsEditor
LogPluginManager: Mounting plugin MobileLauncherProfileWizard
LogPluginManager: Mounting plugin PluginBrowser
LogPluginManager: Mounting plugin SpeedTreeImporter
LogPluginManager: Mounting plugin AlembicImporter
LogPluginManager: Mounting plugin CharacterAI
LogPluginManager: Mounting plugin HTML5Networking
LogPluginManager: Mounting plugin AndroidMedia
LogPluginManager: Mounting plugin AvfMedia
LogPluginManager: Mounting plugin ImgMedia
LogPluginManager: Mounting plugin MediaCompositing
LogPluginManager: Mounting plugin MediaPlayerEditor
LogPluginManager: Mounting plugin WmfMedia
LogPluginManager: Mounting plugin TcpMessaging
LogPluginManager: Mounting plugin UdpMessaging
LogPluginManager: Mounting plugin ActorSequence
LogPluginManager: Mounting plugin LevelSequenceEditor
LogPluginManager: Mounting plugin MatineeToLevelSequence
LogPluginManager: Mounting plugin OnlineSubsystemGooglePlay
LogPluginManager: Mounting plugin OnlineSubsystemIOS
LogPluginManager: Mounting plugin OnlineSubsystem
LogPluginManager: Mounting plugin OnlineSubsystemNull
LogPluginManager: Mounting plugin OnlineSubsystemUtils
LogPluginManager: Mounting plugin AndroidDeviceProfileSelector
LogPluginManager: Mounting plugin AndroidMoviePlayer
LogPluginManager: Mounting plugin AndroidPermission
LogPluginManager: Mounting plugin AppleARKit
LogPluginManager: Mounting plugin AppleMoviePlayer
LogPluginManager: Mounting plugin ArchVisCharacter
LogPluginManager: Mounting plugin CableComponent
LogPluginManager: Mounting plugin CustomMeshComponent
LogPluginManager: Mounting plugin ExampleDeviceProfileSelector
LogPluginManager: Mounting plugin GoogleCloudMessaging
LogPluginManager: Mounting plugin ImmediatePhysics
LogPluginManager: Mounting plugin IOSDeviceProfileSelector
LogPluginManager: Mounting plugin LinuxDeviceProfileSelector
LogPluginManager: Mounting plugin LocationServicesBPLibrary
LogPluginManager: Mounting plugin MobilePatchingUtils
LogPluginManager: Mounting plugin OculusVR
LogPluginManager: Plugin shader directory ../../../Engine/Plugins/Runtime/Oculus/OculusVR/Shaders found
LogPluginManager: Mapping shader source directory ../../../Engine/Plugins/Runtime/Oculus/OculusVR/Shaders to virtual directory /Plugin/OculusVR
LogPluginManager: Mounting plugin PhysXVehicles
LogPluginManager: Mounting plugin ProceduralMeshComponent
LogPluginManager: Mounting plugin RuntimePhysXCooking
LogPluginManager: Mounting plugin SteamVR
LogPluginManager: Mounting plugin WindowsMoviePlayer
LogModuleManager: Display: Found up-to-date module file F:/UE4 Tutorials/SteamMultiplay/PuzzlePlatforms/Binaries/Win64/UE4Editor-PuzzlePlatforms.dll (API version 3709383).
LogModuleManager: Display: Found up-to-date module file ../../../Engine/Plugins/2D/Paper2D/Binaries/Win64/UE4Editor-Paper2D.dll (API version 3709383).
LogModuleManager: Display: Found up-to-date module file ../../../Engine/Plugins/2D/Paper2D/Binaries/Win64/UE4Editor-Paper2DEditor.dll (API version 3709383).
LogModuleManager: Display: Found up-to-date module file ../../../Engine/Plugins/2D/Paper2D/Binaries/Win64/UE4Editor-PaperSpriteSheetImporter.dll (API version 3709383).
LogModuleManager: Display: Found up-to-date module file ../../../Engine/Plugins/2D/Paper2D/Binaries/Win64/UE4Editor-PaperTiledImporter.dll (API version 3709383).
LogModuleManager: Display: Found up-to-date module file ../../../Engine/Plugins/2D/Paper2D/Binaries/Win64/UE4Editor-SmartSnapping.dll (API version 3709383).
LogModuleManager: Display: Found up-to-date module file ../../../Engine/Plugins/Blendables/LightPropagationVolume/Binaries/Win64/UE4Editor-LightPropagationVolumeRuntime.dll (API version 3709383).
LogModuleManager: Display: Found up-to-date module file ../../../Engine/Plugins/Blendables/LightPropagationVolume/Binaries/Win64/UE4Editor-LightPropagationVolumeEditor.dll (API version 3709383).
LogModuleManager: Display: Found up-to-date module file ../../../Engine/Plugins/Developer/GitSourceControl/Binaries/Win64/UE4Editor-GitSourceControl.dll (API version 3709383).
LogModuleManager: Display: Found up-to-date module file ../../../Engine/Plugins/Developer/PerforceSourceControl/Binaries/Win64/UE4Editor-PerforceSourceControl.dll (API version 3709383).
LogModuleManager: Display: Found up-to-date module file ../../../Engine/Plugins/Developer/SubversionSourceControl/Binaries/Win64/UE4Editor-SubversionSourceControl.dll (API version 3709383).
LogModuleManager: Display: Found up-to-date module file ../../../Engine/Plugins/Developer/UObjectPlugin/Binaries/Win64/UE4Editor-UObjectPlugin.dll (API version 3709383).
LogModuleManager: Display: Found up-to-date module file ../../../Engine/Plugins/Developer/VisualStudioCodeSourceCodeAccess/Binaries/Win64/UE4Editor-VisualStudioCodeSourceCodeAccess.dll (API version 3709383).
LogModuleManager: Display: Found up-to-date module file ../../../Engine/Plugins/Developer/VisualStudioSourceCodeAccess/Binaries/Win64/UE4Editor-VisualStudioSourceCodeAccess.dll (API version 3709383).
LogModuleManager: Display: Found up-to-date module file ../../../Engine/Plugins/Editor/AssetManagerEditor/Binaries/Win64/UE4Editor-AssetManagerEditor.dll (API version 3709383).
LogModuleManager: Display: Found up-to-date module file ../../../Engine/Plugins/Editor/AudioCapture/Binaries/Win64/UE4Editor-AudioCapture.dll (API version 3709383).
LogModuleManager: Display: Found up-to-date module file ../../../Engine/Plugins/Editor/FacialAnimation/Binaries/Win64/UE4Editor-FacialAnimation.dll (API version 3709383).
LogModuleManager: Display: Found up-to-date module file ../../../Engine/Plugins/Editor/FacialAnimation/Binaries/Win64/UE4Editor-FacialAnimationEditor.dll (API version 3709383).
LogModuleManager: Display: Found up-to-date module file ../../../Engine/Plugins/Editor/GameplayTagsEditor/Binaries/Win64/UE4Editor-GameplayTagsEditor.dll (API version 3709383).
LogModuleManager: Display: Found up-to-date module file ../../../Engine/Plugins/Editor/MobileLauncherProfileWizard/Binaries/Win64/UE4Editor-MobileLauncherProfileWizard.dll (API version 3709383).
LogModuleManager: Display: Found up-to-date module file ../../../Engine/Plugins/Editor/PluginBrowser/Binaries/Win64/UE4Editor-PluginBrowser.dll (API version 3709383).
LogModuleManager: Display: Found up-to-date module file ../../../Engine/Plugins/Editor/SpeedTreeImporter/Binaries/Win64/UE4Editor-SpeedTreeImporter.dll (API version 3709383).
LogModuleManager: Display: Found up-to-date module file ../../../Engine/Plugins/Experimental/AlembicImporter/Binaries/Win64/UE4Editor-AlembicImporter.dll (API version 3709383).
LogModuleManager: Display: Found up-to-date module file ../../../Engine/Plugins/Experimental/AlembicImporter/Binaries/Win64/UE4Editor-AlembicLibrary.dll (API version 3709383).
LogModuleManager: Display: Found up-to-date module file ../../../Engine/Plugins/Experimental/CharacterAI/Binaries/Win64/UE4Editor-CharacterAI.dll (API version 3709383).
LogModuleManager: Display: Found up-to-date module file ../../../Engine/Plugins/Experimental/HTML5Networking/Binaries/Win64/UE4Editor-HTML5Networking.dll (API version 3709383).
LogModuleManager: Display: Found up-to-date module file ../../../Engine/Plugins/Media/AndroidMedia/Binaries/Win64/UE4Editor-AndroidMediaEditor.dll (API version 3709383).
LogModuleManager: Display: Found up-to-date module file ../../../Engine/Plugins/Media/AndroidMedia/Binaries/Win64/UE4Editor-AndroidMediaFactory.dll (API version 3709383).
LogModuleManager: Display: Found up-to-date module file ../../../Engine/Plugins/Media/AvfMedia/Binaries/Win64/UE4Editor-AvfMediaEditor.dll (API version 3709383).
LogModuleManager: Display: Found up-to-date module file ../../../Engine/Plugins/Media/AvfMedia/Binaries/Win64/UE4Editor-AvfMediaFactory.dll (API version 3709383).
LogModuleManager: Display: Found up-to-date module file ../../../Engine/Plugins/Media/AvfMedia/Binaries/Win64/UE4Editor-AvfMediaFactory.dll (API version 3709383).
LogModuleManager: Display: Found up-to-date module file ../../../Engine/Plugins/Media/ImgMedia/Binaries/Win64/UE4Editor-ImgMedia.dll (API version 3709383).
LogModuleManager: Display: Found up-to-date module file ../../../Engine/Plugins/Media/ImgMedia/Binaries/Win64/UE4Editor-ImgMediaEditor.dll (API version 3709383).
LogModuleManager: Display: Found up-to-date module file ../../../Engine/Plugins/Media/ImgMedia/Binaries/Win64/UE4Editor-ImgMediaFactory.dll (API version 3709383).
LogModuleManager: Display: Found up-to-date module file ../../../Engine/Plugins/Media/ImgMedia/Binaries/Win64/UE4Editor-ImgMediaFactory.dll (API version 3709383).
LogModuleManager: Display: Found up-to-date module file ../../../Engine/Plugins/Media/ImgMedia/Binaries/Win64/UE4Editor-OpenExrWrapper.dll (API version 3709383).
LogModuleManager: Display: Found up-to-date module file ../../../Engine/Plugins/Media/MediaCompositing/Binaries/Win64/UE4Editor-MediaCompositing.dll (API version 3709383).
LogModuleManager: Display: Found up-to-date module file ../../../Engine/Plugins/Media/MediaCompositing/Binaries/Win64/UE4Editor-MediaCompositingEditor.dll (API version 3709383).
LogModuleManager: Display: Found up-to-date module file ../../../Engine/Plugins/Media/MediaPlayerEditor/Binaries/Win64/UE4Editor-MediaPlayerEditor.dll (API version 3709383).
LogModuleManager: Display: Found up-to-date module file ../../../Engine/Plugins/Media/WmfMedia/Binaries/Win64/UE4Editor-WmfMedia.dll (API version 3709383).
LogModuleManager: Display: Found up-to-date module file ../../../Engine/Plugins/Media/WmfMedia/Binaries/Win64/UE4Editor-WmfMediaEditor.dll (API version 3709383).
LogModuleManager: Display: Found up-to-date module file ../../../Engine/Plugins/Media/WmfMedia/Binaries/Win64/UE4Editor-WmfMediaFactory.dll (API version 3709383).
LogModuleManager: Display: Found up-to-date module file ../../../Engine/Plugins/Media/WmfMedia/Binaries/Win64/UE4Editor-WmfMediaFactory.dll (API version 3709383).
LogModuleManager: Display: Found up-to-date module file ../../../Engine/Plugins/Messaging/TcpMessaging/Binaries/Win64/UE4Editor-TcpMessaging.dll (API version 3709383).
LogModuleManager: Display: Found up-to-date module file ../../../Engine/Plugins/Messaging/UdpMessaging/Binaries/Win64/UE4Editor-UdpMessaging.dll (API version 3709383).
LogModuleManager: Display: Found up-to-date module file ../../../Engine/Plugins/MovieScene/ActorSequence/Binaries/Win64/UE4Editor-ActorSequence.dll (API version 3709383).
LogModuleManager: Display: Found up-to-date module file ../../../Engine/Plugins/MovieScene/LevelSequenceEditor/Binaries/Win64/UE4Editor-LevelSequenceEditor.dll (API version 3709383).
LogModuleManager: Display: Found up-to-date module file ../../../Engine/Plugins/MovieScene/MatineeToLevelSequence/Binaries/Win64/UE4Editor-MatineeToLevelSequence.dll (API version 3709383).
LogModuleManager: Display: Found up-to-date module file ../../../Engine/Plugins/Online/OnlineSubsystem/Binaries/Win64/UE4Editor-OnlineSubsystem.dll (API version 3709383).
LogModuleManager: Display: Found up-to-date module file ../../../Engine/Plugins/Online/OnlineSubsystemNull/Binaries/Win64/UE4Editor-OnlineSubsystemNull.dll (API version 3709383).
LogModuleManager: Display: Found up-to-date module file ../../../Engine/Plugins/Online/OnlineSubsystemUtils/Binaries/Win64/UE4Editor-OnlineSubsystemUtils.dll (API version 3709383).
LogModuleManager: Display: Found up-to-date module file ../../../Engine/Plugins/Online/OnlineSubsystemUtils/Binaries/Win64/UE4Editor-OnlineBlueprintSupport.dll (API version 3709383).
LogModuleManager: Display: Found up-to-date module file ../../../Engine/Plugins/Runtime/AndroidDeviceProfileSelector/Binaries/Win64/UE4Editor-AndroidDeviceProfileSelector.dll (API version 3709383).
LogModuleManager: Display: Found up-to-date module file ../../../Engine/Plugins/Runtime/AndroidPermission/Binaries/Win64/UE4Editor-AndroidPermission.dll (API version 3709383).
LogModuleManager: Display: Found up-to-date module file ../../../Engine/Plugins/Runtime/AppleARKit/Binaries/Win64/UE4Editor-AppleARKit.dll (API version 3709383).
LogModuleManager: Display: Found up-to-date module file ../../../Engine/Plugins/Runtime/ArchVisCharacter/Binaries/Win64/UE4Editor-ArchVisCharacter.dll (API version 3709383).
LogModuleManager: Display: Found up-to-date module file ../../../Engine/Plugins/Runtime/CableComponent/Binaries/Win64/UE4Editor-CableComponent.dll (API version 3709383).
LogModuleManager: Display: Found up-to-date module file ../../../Engine/Plugins/Runtime/CustomMeshComponent/Binaries/Win64/UE4Editor-CustomMeshComponent.dll (API version 3709383).
LogModuleManager: Display: Found up-to-date module file ../../../Engine/Plugins/Runtime/ExampleDeviceProfileSelector/Binaries/Win64/UE4Editor-ExampleDeviceProfileSelector.dll (API version 3709383).
LogModuleManager: Display: Found up-to-date module file ../../../Engine/Plugins/Runtime/ImmediatePhysics/Binaries/Win64/UE4Editor-ImmediatePhysics.dll (API version 3709383).
LogModuleManager: Display: Found up-to-date module file ../../../Engine/Plugins/Runtime/ImmediatePhysics/Binaries/Win64/UE4Editor-ImmediatePhysicsEditor.dll (API version 3709383).
LogModuleManager: Display: Found up-to-date module file ../../../Engine/Plugins/Runtime/LocationServicesBPLibrary/Binaries/Win64/UE4Editor-LocationServicesBPLibrary.dll (API version 3709383).
LogModuleManager: Display: Found up-to-date module file ../../../Engine/Plugins/Runtime/MobilePatchingUtils/Binaries/Win64/UE4Editor-MobilePatchingUtils.dll (API version 3709383).
LogModuleManager: Display: Found up-to-date module file ../../../Engine/Plugins/Runtime/Oculus/OculusVR/Binaries/Win64/UE4Editor-OculusHMD.dll (API version 3709383).
LogModuleManager: Display: Found up-to-date module file ../../../Engine/Plugins/Runtime/Oculus/OculusVR/Binaries/Win64/UE4Editor-OculusInput.dll (API version 3709383).
LogModuleManager: Display: Found up-to-date module file ../../../Engine/Plugins/Runtime/Oculus/OculusVR/Binaries/Win64/UE4Editor-OculusEditor.dll (API version 3709383).
LogModuleManager: Display: Found up-to-date module file ../../../Engine/Plugins/Runtime/PhysXVehicles/Binaries/Win64/UE4Editor-PhysXVehicles.dll (API version 3709383).
LogModuleManager: Display: Found up-to-date module file ../../../Engine/Plugins/Runtime/PhysXVehicles/Binaries/Win64/UE4Editor-PhysXVehiclesEditor.dll (API version 3709383).
LogModuleManager: Display: Found up-to-date module file ../../../Engine/Plugins/Runtime/ProceduralMeshComponent/Binaries/Win64/UE4Editor-ProceduralMeshComponent.dll (API version 3709383).
LogModuleManager: Display: Found up-to-date module file ../../../Engine/Plugins/Runtime/ProceduralMeshComponent/Binaries/Win64/UE4Editor-ProceduralMeshComponentEditor.dll (API version 3709383).
LogModuleManager: Display: Found up-to-date module file ../../../Engine/Plugins/Runtime/RuntimePhysXCooking/Binaries/Win64/UE4Editor-RuntimePhysXCooking.dll (API version 3709383).
LogModuleManager: Display: Found up-to-date module file ../../../Engine/Plugins/Runtime/Steam/SteamVR/Binaries/Win64/UE4Editor-SteamVR.dll (API version 3709383).
LogModuleManager: Display: Found up-to-date module file ../../../Engine/Plugins/Runtime/Steam/SteamVR/Binaries/Win64/UE4Editor-SteamVRController.dll (API version 3709383).
LogModuleManager: Display: Found up-to-date module file ../../../Engine/Plugins/Runtime/WindowsMoviePlayer/Binaries/Win64/UE4Editor-WindowsMoviePlayer.dll (API version 3709383).
LogInit: Using libcurl 7.47.1
LogInit:  - built for x86_64-pc-win32
LogInit:  - supports SSL with OpenSSL/1.0.2g
LogInit:  - supports HTTP deflate (compression) using libz 1.2.8
LogInit:  - other features:
LogInit:      CURL_VERSION_SSL
LogInit:      CURL_VERSION_LIBZ
LogInit:      CURL_VERSION_IPV6
LogInit:      CURL_VERSION_ASYNCHDNS
LogInit:      CURL_VERSION_LARGEFILE
LogInit:      CURL_VERSION_IDN
LogInit:  CurlRequestOptions (configurable via config and command line):
LogInit:  - bVerifyPeer = false  - Libcurl will NOT verify peer certificate
LogInit:  - bUseHttpProxy = false  - Libcurl will NOT use HTTP proxy
LogInit:  - bDontReuseConnections = false  - Libcurl will reuse connections
LogInit:  - CertBundlePath = nullptr  - Libcurl will use whatever was configured at build time.
LogInit: WinSock: version 1.1 (2.2), MaxSocks=32767, MaxUdp=65467
LogInit: Build: ++UE4+Release-4.18-CL-3832480
LogInit: Engine Version: 4.18.3-3832480+++UE4+Release-4.18
LogInit: Compatible Engine Version: 4.18.0-3709383+++UE4+Release-4.18
LogInit: Net CL: 3709383
LogDevObjectVersion: Number of dev versions registered: 16
LogDevObjectVersion:   Dev-Blueprints (B0D832E4-1F89-4F0D-ACCF-7EB736FD4AA2): 10
LogDevObjectVersion:   Dev-Build (E1C64328-A22C-4D53-A36C-8E866417BD8C): 0
LogDevObjectVersion:   Dev-Core (375EC13C-06E4-48FB-B500-84F0262A717E): 2
LogDevObjectVersion:   Dev-Editor (E4B068ED-F494-42E9-A231-DA0B2E46BB41): 20
LogDevObjectVersion:   Dev-Framework (CFFC743F-43B0-4480-9391-14DF171D2073): 30
LogDevObjectVersion:   Dev-Mobile (B02B49B5-BB20-44E9-A304-32B752E40360): 0
LogDevObjectVersion:   Dev-Networking (A4E4105C-59A1-49B5-A7C5-40C4547EDFEE): 0
LogDevObjectVersion:   Dev-Online (39C831C9-5AE6-47DC-9A44-9C173E1C8E7C): 0
LogDevObjectVersion:   Dev-Physics (78F01B33-EBEA-4F98-B9B4-84EACCB95AA2): 0
LogDevObjectVersion:   Dev-Platform (6631380F-2D4D-43E0-8009-CF276956A95A): 0
LogDevObjectVersion:   Dev-Rendering (12F88B9F-8875-4AFC-A67C-D90C383ABD29): 20
LogDevObjectVersion:   Dev-Sequencer (7B5AE74C-D270-4C10-A958-57980B212A5A): 4
LogDevObjectVersion:   Dev-VR (D7296918-1DD6-4BDD-9DE2-64A83CC13884): 0
LogDevObjectVersion:   Dev-LoadTimes (C2A15278-BFE7-4AFE-6C17-90FF531DF755): 1
LogDevObjectVersion:   Private-Geometry (6EACA3D4-40EC-4CC1-B786-8BED09428FC5): 1
LogDevObjectVersion:   Dev-AnimPhys (29E575DD-E0A3-4627-9D10-D276232CDCEA): 12
LogInit: Compiled (64-bit): Jan 12 2018 02:04:55
LogInit: Compiled with Visual C++: 19.00.24215.01
LogInit: Build Configuration: Development
LogInit: Branch Name: ++UE4+Release-4.18
LogInit: Command line:  -skipcompile
LogInit: Base directory: C:/Program Files/Epic Games/UE_4.18/Engine/Binaries/Win64/
LogInit: Installed Engine Build: 1
LogInit: Presizing for max 8388607 objects, including 0 objects not considered by GC, pre-allocating 0 bytes for permanent pool.
LogInit: Object subsystem initialized
[2018.02.26-12.58.10:097][  0]LogInit: Selected Device Profile: [Windows]
[2018.02.26-12.58.10:097][  0]LogInit: Applying CVar settings loaded from the selected device profile: [Windows]
[2018.02.26-12.58.10:112][  0]LogInit: Computer: DESKTOP-3NM1IMD
[2018.02.26-12.58.10:112][  0]LogInit: User: oldcl
[2018.02.26-12.58.10:112][  0]LogInit: CPU Page size=4096, Cores=4
[2018.02.26-12.58.10:112][  0]LogInit: High frequency timer resolution =3.312794 MHz
[2018.02.26-12.58.10:112][  0]LogMemory: Memory total: Physical=8.0GB (8GB approx)
[2018.02.26-12.58.10:113][  0]LogMemory: Platform Memory Stats for Windows
[2018.02.26-12.58.10:113][  0]LogMemory: Process Physical Memory: 274.14 MB used, 274.14 MB peak
[2018.02.26-12.58.10:113][  0]LogMemory: Process Virtual Memory: 271.78 MB used, 271.78 MB peak
[2018.02.26-12.58.10:113][  0]LogMemory: Physical Memory: 4773.36 MB used,  3383.70 MB free, 8157.05 MB total
[2018.02.26-12.58.10:113][  0]LogMemory: Virtual Memory: 680.22 MB used,  3383.70 MB free, 134217728.00 MB total
[2018.02.26-12.58.10:467][  0]LogInit: Overriding language with editor language configuration option (ko).
[2018.02.26-12.58.10:467][  0]LogInit: Overriding locale with editor locale configuration option (ko).
[2018.02.26-12.58.10:687][  0]LogInit: Setting process to per monitor DPI aware
[2018.02.26-12.58.11:138][  0]LogD3D11RHI: D3D11 adapters:
[2018.02.26-12.58.11:200][  0]LogD3D11RHI:    0. 'NVIDIA GeForce GTX 560 Ti' (Feature Level 11_0)
[2018.02.26-12.58.11:200][  0]LogD3D11RHI:       979/0/4078 MB DedicatedVideo/DedicatedSystem/SharedSystem, Outputs:2, VendorId:0x10de
[2018.02.26-12.58.11:203][  0]LogD3D11RHI:    1. 'Microsoft Basic Render Driver' (Feature Level 11_0)
[2018.02.26-12.58.11:203][  0]LogD3D11RHI:       0/0/4078 MB DedicatedVideo/DedicatedSystem/SharedSystem, Outputs:0, VendorId:0x1414
[2018.02.26-12.58.11:203][  0]LogD3D11RHI: Chosen D3D11 Adapter: 0
[2018.02.26-12.58.11:210][  0]LogD3D11RHI: Creating new Direct3DDevice
[2018.02.26-12.58.11:210][  0]LogD3D11RHI:     GPU DeviceId: 0x1200 (for the marketing name, search the web for "GPU Device Id")
[2018.02.26-12.58.11:210][  0]LogWindows: EnumDisplayDevices:
[2018.02.26-12.58.11:210][  0]LogWindows:    0. 'NVIDIA GeForce GTX 560 Ti' (P:0 D:1)
[2018.02.26-12.58.11:211][  0]LogWindows:    1. 'NVIDIA GeForce GTX 560 Ti' (P:1 D:1)
[2018.02.26-12.58.11:211][  0]LogWindows: DebugString: GetVideoDriverDetailsInvalid PrimaryIsNotTheChoosenAdapter GetVideoDriverDetailsInvalid PrimaryIsNotTheChoosenAdapter FoundDriverCount:0 
[2018.02.26-12.58.11:211][  0]LogD3D11RHI:     Adapter Name: NVIDIA GeForce GTX 560 Ti
[2018.02.26-12.58.11:211][  0]LogD3D11RHI:   Driver Version: Unknown (internal:Unknown, unified:Unknown)
[2018.02.26-12.58.11:211][  0]LogD3D11RHI:      Driver Date: Unknown
[2018.02.26-12.58.11:211][  0]LogRHI: Texture pool is 685 MB (70% of 979 MB)
[2018.02.26-12.58.11:256][  0]LogD3D11RHI: Display: Timestamp queries are currently disabled on this hardware due to instability. Realtime GPU stats will not be available. You can override this behaviour by setting r.NVIDIATimestampWorkaround to 0
[2018.02.26-12.58.11:256][  0]LogD3D11RHI: Async texture creation enabled
[2018.02.26-12.58.11:271][  0]LogD3D11RHI: GPU Timing Frequency: 1000.000000 (Debug: 2 1)
[2018.02.26-12.58.11:277][  0]LogShaderCompilers: Guid format shader working directory is -1 characters bigger than the processId version (F:/UE4 Tutorials/SteamMultiplay/PuzzlePlatforms/Intermediate/Shaders/WorkingDirectory/2204/).
[2018.02.26-12.58.11:277][  0]LogShaderCompilers: Cleaned the shader compiler working directory 'C:/Users/oldcl/AppData/Local/Temp/UnrealShaderWorkingDir/BA4D74A448022D60E659019E27C991BE/'.
[2018.02.26-12.58.11:277][  0]LogShaderCompilers: Display: Using Local Shader Compiler.
[2018.02.26-12.58.12:819][  0]LogTemp: Display: Loaded TP AllDesktopTargetPlatform
[2018.02.26-12.58.12:933][  0]LogTemp: Display: Loaded TP MacClientTargetPlatform
[2018.02.26-12.58.13:064][  0]LogTemp: Display: Loaded TP MacNoEditorTargetPlatform
[2018.02.26-12.58.13:187][  0]LogTemp: Display: Loaded TP MacServerTargetPlatform
[2018.02.26-12.58.13:313][  0]LogTemp: Display: Loaded TP MacTargetPlatform
[2018.02.26-12.58.13:428][  0]LogTemp: Display: Loaded TP WindowsClientTargetPlatform
[2018.02.26-12.58.13:541][  0]LogTemp: Display: Loaded TP WindowsNoEditorTargetPlatform
[2018.02.26-12.58.13:652][  0]LogTemp: Display: Loaded TP WindowsServerTargetPlatform
[2018.02.26-12.58.13:751][  0]LogTemp: Display: Loaded TP WindowsTargetPlatform
[2018.02.26-12.58.13:851][  0]LogTemp: Display: Loaded TP Android_ASTCTargetPlatform
[2018.02.26-12.58.13:960][  0]LogTemp: Display: Loaded TP Android_ATCTargetPlatform
[2018.02.26-12.58.14:067][  0]LogTemp: Display: Loaded TP Android_DXTTargetPlatform
[2018.02.26-12.58.14:172][  0]LogTemp: Display: Loaded TP Android_ETC1TargetPlatform
[2018.02.26-12.58.14:281][  0]LogTemp: Display: Loaded TP Android_ETC2TargetPlatform
[2018.02.26-12.58.14:493][  0]LogTemp: Display: Loaded TP Android_MultiTargetPlatform
[2018.02.26-12.58.14:493][  0]LogTemp: Display: Loaded TP Android_PVRTCTargetPlatform
[2018.02.26-12.58.14:596][  0]LogTemp: Display: Loaded TP AndroidTargetPlatform
[2018.02.26-12.58.14:698][  0]LogTemp: Display: Loaded TP HTML5TargetPlatform
[2018.02.26-12.58.14:877][  0]LogTemp: Display: Loaded TP IOSTargetPlatform
[2018.02.26-12.58.14:931][  0]LogTemp: Display: Loaded TP TVOSTargetPlatform
[2018.02.26-12.58.15:095][  0]LogTemp: Display: Loaded TP LinuxClientTargetPlatform
[2018.02.26-12.58.15:221][  0]LogTemp: Display: Loaded TP LinuxNoEditorTargetPlatform
[2018.02.26-12.58.15:327][  0]LogTemp: Display: Loaded TP LinuxServerTargetPlatform
[2018.02.26-12.58.15:436][  0]LogTemp: Display: Loaded TP LinuxTargetPlatform
[2018.02.26-12.58.15:437][  0]LogTargetPlatformManager: Display: Building Assets For Windows
[2018.02.26-12.58.16:497][  0]LogDerivedDataCache: Display: Max Cache Size: 512 MB
[2018.02.26-12.58.16:577][  0]LogDerivedDataCache: Loaded boot cache 0.08s 81MB C:/Users/oldcl/AppData/Local/UnrealEngine/4.18/DerivedDataCache/Boot.ddc.
[2018.02.26-12.58.16:577][  0]LogDerivedDataCache: Display: Loaded Boot cache: C:/Users/oldcl/AppData/Local/UnrealEngine/4.18/DerivedDataCache/Boot.ddc
[2018.02.26-12.58.16:577][  0]LogDerivedDataCache: FDerivedDataBackendGraph:  Pak pak cache file F:/UE4 Tutorials/SteamMultiplay/PuzzlePlatforms/DerivedDataCache/DDC.ddp not found, will not use a pak cache.
[2018.02.26-12.58.16:577][  0]LogDerivedDataCache: Unable to find inner node Pak for hierarchical cache Hierarchy.
[2018.02.26-12.58.16:577][  0]LogDerivedDataCache: FDerivedDataBackendGraph:  CompressedPak pak cache file F:/UE4 Tutorials/SteamMultiplay/PuzzlePlatforms/DerivedDataCache/Compressed.ddp not found, will not use a pak cache.
[2018.02.26-12.58.16:577][  0]LogDerivedDataCache: Unable to find inner node CompressedPak for hierarchical cache Hierarchy.
[2018.02.26-12.58.16:596][  0]LogDerivedDataCache: Display: Pak cache opened for reading ../../../Engine/DerivedDataCache/Compressed.ddp.
[2018.02.26-12.58.16:608][  0]LogDerivedDataCache: Using Local data cache path C:/Users/oldcl/AppData/Local/UnrealEngine/Common/DerivedDataCache: Writable
[2018.02.26-12.58.16:622][  0]LogMaterial: Verifying Global Shaders for PCD3D_SM5
[2018.02.26-12.58.16:622][  0]LogSlate: Using Freetype 2.6.0
[2018.02.26-12.58.16:623][  0]LogSlate: SlateFontCache - WITH_FREETYPE: 1, WITH_HARFBUZZ: 1
[2018.02.26-12.58.16:623][  0]LogSlate: SlateFontCache - WITH_FREETYPE: 1, WITH_HARFBUZZ: 1
[2018.02.26-12.58.17:191][  0]LogInit: Selected Device Profile: [Windows]
[2018.02.26-12.58.17:845][  0]LogSimplygon: Simplygon DLL not present - disabling.
[2018.02.26-12.58.17:939][  0]LogMeshReduction: Using SimplygonSwarm for distributed automatic mesh merging
[2018.02.26-12.58.17:939][  0]LogMeshReduction: Using QuadricMeshReduction for automatic static mesh reduction
[2018.02.26-12.58.17:939][  0]LogMeshReduction: No automatic skeletal mesh reduction module available
[2018.02.26-12.58.17:939][  0]LogMeshReduction: No automatic mesh merging module available
[2018.02.26-12.58.17:939][  0]LogMeshMerging: No automatic mesh merging module available
[2018.02.26-12.58.17:985][  0]LogNetVersion: PuzzlePlatforms , NetCL: 3709383, EngineNetVer: 2, GameNetVer: 0 (Checksum: 216480741)
[2018.02.26-12.58.18:235][  0]LogAssetRegistry: FAssetRegistry took 0.0275 seconds to start up
[2018.02.26-12.58.18:963][  0]LogPackageLocalizationCache: Processed 7 localized package path(s) for 1 prioritized culture(s) in 0.036547 seconds
[2018.02.26-12.58.18:969][  0]LogUObjectArray: 35870 objects as part of root set at end of initial load.
[2018.02.26-12.58.18:969][  0]LogUObjectAllocator: 7363696 out of 0 bytes used by permanent object pool.
[2018.02.26-12.58.18:969][  0]LogUObjectArray: CloseDisregardForGC: 0/0 objects in disregard for GC pool
[2018.02.26-12.58.24:018][  0]LogTcpMessaging: Initializing TcpMessaging bridge
[2018.02.26-12.58.24:097][  0]LogUdpMessaging: Initializing bridge on interface 0.0.0.0:0 to multicast group 230.0.0.1:6666.
[2018.02.26-12.58.25:820][  0]LogMaterial: Uniform references updated for custom material expression Custom.
[2018.02.26-12.58.26:752][  0]SourceControl: 소스 콘트롤이 꺼졌습니다.
[2018.02.26-12.58.26:752][  0]SourceControl: 소스 콘트롤이 꺼졌습니다.
[2018.02.26-12.58.26:888][  0]SourceControl: 소스 콘트롤이 꺼졌습니다.
[2018.02.26-12.58.27:013][  0]SourceControl: 소스 콘트롤이 꺼졌습니다.
[2018.02.26-12.58.28:805][  0]LogAndroidPermission: UAndroidPermissionCallbackProxy::GetInstance
[2018.02.26-12.58.29:405][  0]LogOcInput: OculusInput pre-init called
[2018.02.26-12.58.29:967][  0]LogEngine: Initializing Engine...
[2018.02.26-12.58.29:970][  0]LogHMD: Failed to initialize OpenVR with code 110
[2018.02.26-12.58.30:219][  0]LogStats: UGameplayTagsManager::ConstructGameplayTagTree: Construct from data asset -  0.000 s
[2018.02.26-12.58.30:219][  0]LogStats: UGameplayTagsManager::ConstructGameplayTagTree: GameplayTagTreeChangedEvent.Broadcast -  0.000 s
[2018.02.26-12.58.30:523][  0]LogAIModule: Creating AISystem for world Untitled
[2018.02.26-12.58.30:538][  0]LogInit: XAudio2 using '스피커(Realtek High Definition Audio)' : 2 channels at 48 kHz using 32 bits per sample (channel mask 0x3)
[2018.02.26-12.58.30:611][  0]LogInit: FAudioDevice initialized.
[2018.02.26-12.58.30:695][  0]LogDerivedDataCache: Saved boot cache 0.08s 81MB C:/Users/oldcl/AppData/Local/UnrealEngine/4.18/DerivedDataCache/Boot.ddc.
[2018.02.26-12.58.30:711][  0]LogInit: Texture streaming: Enabled
[2018.02.26-12.58.30:937][  0]LogEngineSessionManager: EngineSessionManager initialized
[2018.02.26-12.58.31:226][  0]LogInit: Transaction tracking system initialized
[2018.02.26-12.58.31:949][  0]BlueprintLog: New page: 에디터 로드
[2018.02.26-12.58.34:099][  0]LocalizationService: 현지화 서비스가 비활성화되었습니다.
[2018.02.26-12.58.35:418][  0]LogLinker: Warning: '/Game/TopDownBP/TopDownOverview' 파일을 찾을 수 없습니다.
[2018.02.26-12.58.35:418][  0]LogLinker: Warning: '/Game/TopDownBP/TopDownOverview' 파일을 찾을 수 없습니다.
[2018.02.26-12.58.35:418][  0]LogUObjectGlobals: Warning: 'Class /Game/TopDownBP/TopDownOverview.TopDownOverview_C' 오브젝트를 찾는 데 실패했습니다.
[2018.02.26-12.58.35:951][  0]LogConsoleResponse: Display: 
[2018.02.26-12.58.36:315][  0]LogCook: Display: Max memory allowance for cook 16384mb min free memory 0mb
[2018.02.26-12.58.36:315][  0]LogCook: Display: Mobile HDR setting 1
[2018.02.26-12.58.36:315][  0]LogGameplayTags: Display: UGameplayTagsManager::DoneAddingNativeTags. DelegateIsBound: 0
[2018.02.26-12.58.36:823][  0]LogFileCache: Scanning file cache for directory 'F:/UE4 Tutorials/SteamMultiplay/PuzzlePlatforms/Content/' took 0.04s
[2018.02.26-12.58.40:019][  0]SourceControl: 소스 콘트롤이 꺼졌습니다.
[2018.02.26-12.58.40:019][  0]Cmd: MAP LOAD FILE="F:/UE4 Tutorials/SteamMultiplay/PuzzlePlatforms/Content/MenuSystem/MainMenu.umap" TEMPLATE=0 SHOWPROGRESS=1 FEATURELEVEL=3
[2018.02.26-12.58.40:020][  0]LightingResults: New page: 라이팅 빌드
[2018.02.26-12.58.40:145][  0]MapCheck: New page: 맵 체크
[2018.02.26-12.58.40:146][  0]LightingResults: New page: 라이팅 빌드
[2018.02.26-12.58.40:177][  0]LogAIModule: Creating AISystem for world MainMenu
[2018.02.26-12.58.40:178][  0]LogEditorServer: Finished looking for orphan Actors (0.000 secs)
[2018.02.26-12.58.40:196][  0]Cmd: MAP CHECKDEP NOCLEARLOG
[2018.02.26-12.58.40:313][  0]MapCheck: 맵 체크 완료: 오류 0 회, 경고 0 회, 소요 시간 117.273ms.
[2018.02.26-12.58.40:313][  0]LogFileHelpers: Loading map 'MainMenu' took 0.294
[2018.02.26-12.58.40:376][  0]LogWindowsTextInputMethodSystem: Display: IME system now activated using TSF (Microsoft 입력기).
[2018.02.26-12.58.40:377][  0]LogWindowsTextInputMethodSystem: Display: IME system now activated using TSF (Microsoft 입력기).
[2018.02.26-12.58.40:527][  0]LogCollectionManager: Loaded 0 collections in 0.003610 seconds
[2018.02.26-12.58.40:673][  0]LogFileCache: Scanning file cache for directory 'F:/UE4 Tutorials/SteamMultiplay/PuzzlePlatforms/Saved/Collections/' took 0.01s
[2018.02.26-12.58.40:673][  0]LogFileCache: Scanning file cache for directory 'F:/UE4 Tutorials/SteamMultiplay/PuzzlePlatforms/Content/Developers/oldcl/Collections/' took 0.01s
[2018.02.26-12.58.40:673][  0]LogFileCache: Scanning file cache for directory 'F:/UE4 Tutorials/SteamMultiplay/PuzzlePlatforms/Content/Collections/' took 0.01s
[2018.02.26-12.58.40:673][  0]LogCollectionManager: Rebuilt the GUID cache for 0 collections in 0.000001 seconds
[2018.02.26-12.58.40:686][  0]LogContentBrowser: Native class hierarchy populated in 0.0130 seconds. Added 2372 classes and 522 folders.
[2018.02.26-12.58.40:850][  0]LogContentBrowser: Native class hierarchy updated for 'WidgetCarousel' in 0.0013 seconds. Added 0 classes and 0 folders.
[2018.02.26-12.58.40:944][  0]LogContentBrowser: Native class hierarchy updated for 'AddContentDialog' in 0.0012 seconds. Added 0 classes and 0 folders.
[2018.02.26-12.58.41:073][  0]LogContentBrowser: Native class hierarchy updated for 'SceneOutliner' in 0.0015 seconds. Added 1 classes and 2 folders.
[2018.02.26-12.58.41:227][  0]LogSlate: Took 0.000419 seconds to synchronously load lazily loaded font '../../../Engine/Content/Slate/Fonts/Roboto-Regular.ttf' (155K)
[2018.02.26-12.58.41:233][  0]LogSlate: Took 0.004743 seconds to synchronously load lazily loaded font '../../../Engine/Content/Slate/Fonts/NanumGothic.ttf' (4243K)
[2018.02.26-12.58.41:238][  0]LogSlate: Took 0.000305 seconds to synchronously load lazily loaded font '../../../Engine/Content/Slate/Fonts/Roboto-Bold.ttf' (160K)
[2018.02.26-12.58.41:242][  0]LogSlate: Took 0.000316 seconds to synchronously load lazily loaded font '../../../Engine/Content/Editor/Slate/Fonts/FontAwesome.ttf' (139K)
[2018.02.26-12.58.41:242][  0]LogSlate: Took 0.000235 seconds to synchronously load lazily loaded font '../../../Engine/Content/Editor/Slate/Fonts/DroidSansMono.ttf' (77K)
[2018.02.26-12.58.41:441][  0]LogRenderer: Reallocating scene render targets to support 1232x548 Format 10 NumSamples 1 (Frame:1).
[2018.02.26-12.58.41:709][  0]LogContentBrowser: Native class hierarchy updated for 'HierarchicalLODOutliner' in 0.0013 seconds. Added 1 classes and 2 folders.
[2018.02.26-12.58.41:709][  0]LogLoad: (Engine Initialization) Total time: 36.55 seconds
[2018.02.26-12.58.41:709][  0]LogLoad: (Engine Initialization) Total Blueprint compile time: 0.00 seconds
[2018.02.26-12.58.41:709][  0]LogExternalProfiler: No external profilers were discovered.  External profiling features will not be available.
[2018.02.26-12.58.41:743][  0]LogContentStreaming: Texture pool size now 1000 MB
[2018.02.26-12.58.42:037][  1]LogAssetRegistry: Asset discovery search completed in 23.8233 seconds
[2018.02.26-12.58.42:039][  1]LogCollectionManager: Rebuilt the object cache for 0 collections in 0.000001 seconds (found 0 objects)
[2018.02.26-12.58.42:040][  1]LogCollectionManager: Fixed up redirectors for 0 collections in 0.000248 seconds (updated 0 objects)
[2018.02.26-12.59.00:161][521]LogTemp: Repeating last play command: 선택된 뷰포트
[2018.02.26-12.59.00:198][521]LogBlueprintUserMessages: Early PlayInEditor Detection: Level '/Game/MenuSystem/MainMenu.MainMenu:PersistentLevel' has LevelScriptBlueprint '/Game/MenuSystem/MainMenu.MainMenu:PersistentLevel.MainMenu' with GeneratedClass '/Game/MenuSystem/MainMenu.MainMenu_C' with ClassGeneratedBy '/Game/MenuSystem/MainMenu.MainMenu:PersistentLevel.MainMenu'
[2018.02.26-12.59.00:198][521]LogPlayLevel: PlayLevel: No blueprints needed recompiling
[2018.02.26-12.59.00:199][521]LogOnline: Display: OSS: FOnlineSubsystemNull::Shutdown()
[2018.02.26-12.59.00:199][521]LogOnline: Display: OSS: FOnlineAsyncTaskManager::Stop() ActiveTask:0000000000000000 Tasks[0/0]
[2018.02.26-12.59.00:212][521]LogOnline: Display: OSS: FOnlineAsyncTaskManager::Exit() started
[2018.02.26-12.59.00:212][521]LogOnline: Display: OSS: FOnlineAsyncTaskManager::Exit() finished
[2018.02.26-12.59.00:212][521]PIE: New page: PIE 세션: MainMenu (2018. 2. 27. 오전 6:59:00)
[2018.02.26-12.59.00:212][521]LogPlayLevel: Creating play world package: /Game/MenuSystem/UEDPIE_0_MainMenu
[2018.02.26-12.59.00:214][521]LogPlayLevel: PIE: StaticDuplicateObject took: (0.001211s)
[2018.02.26-12.59.00:214][521]LogAIModule: Creating AISystem for world MainMenu
[2018.02.26-12.59.00:215][521]LogPlayLevel: PIE: World Init took: (0.000996s)
[2018.02.26-12.59.00:215][521]LogPlayLevel: PIE: Created PIE world by copying editor world from /Game/MenuSystem/MainMenu.MainMenu to /Game/MenuSystem/UEDPIE_0_MainMenu.MainMenu (0.002862s)
[2018.02.26-12.59.00:227][521]LogTemp: Warning: Found subsystem NULL
[2018.02.26-12.59.00:227][521]LogTemp: Warning: Found Session Interface
[2018.02.26-12.59.00:228][521]LogTemp: Warning: Found class WBP_MainMenu_C
[2018.02.26-12.59.00:235][521]LogInit: XAudio2 using '스피커(Realtek High Definition Audio)' : 2 channels at 48 kHz using 32 bits per sample (channel mask 0x3)
[2018.02.26-12.59.00:267][521]LogInit: FAudioDevice initialized.
[2018.02.26-12.59.00:315][521]LogLoad: Game class is 'PuzzlePlatformsGameMode'
[2018.02.26-12.59.00:317][521]LogWorld: Bringing World /Game/MenuSystem/UEDPIE_0_MainMenu.MainMenu up for play (max tick rate 0) at 2018.02.26-21.59.00
[2018.02.26-12.59.00:318][521]LogWorld: Bringing up level for play took: 0.000822
[2018.02.26-12.59.00:473][521]LogContentBrowser: Native class hierarchy updated for 'MovieSceneCapture' in 0.0013 seconds. Added 11 classes and 0 folders.
[2018.02.26-12.59.00:480][521]PIE: /Game/MenuSystem/UEDPIE_0_MainMenu 에 대한 에디터에서 플레이 시작 시간: -0.284
[2018.02.26-12.59.00:480][521]LogBlueprintUserMessages: Late PlayInEditor Detection: Level '/Game/MenuSystem/MainMenu.MainMenu:PersistentLevel' has LevelScriptBlueprint '/Game/MenuSystem/MainMenu.MainMenu:PersistentLevel.MainMenu' with GeneratedClass '/Game/MenuSystem/MainMenu.MainMenu_C' with ClassGeneratedBy '/Game/MenuSystem/MainMenu.MainMenu:PersistentLevel.MainMenu'
[2018.02.26-12.59.08:393][460]Cmd: OBJ SAVEPACKAGE PACKAGE="/Game/MenuSystem/MainMenu" FILE="F:/UE4 Tutorials/SteamMultiplay/PuzzlePlatforms/Content/MenuSystem/MainMenu.umap" SILENT=true AUTOSAVING=false KEEPDIRTY=false
[2018.02.26-12.59.08:527][460]LogSavePackage: Save=113.27ms
[2018.02.26-12.59.08:527][460]LogSavePackage: Moving 'F:/UE4 Tutorials/SteamMultiplay/PuzzlePlatforms/Saved/MainMenu7E80428646BA150C2306569E11240A37.tmp' to 'F:/UE4 Tutorials/SteamMultiplay/PuzzlePlatforms/Content/MenuSystem/MainMenu.umap'
[2018.02.26-12.59.08:530][460]LogSavePackage: Display: Finished SavePackage F:/UE4 Tutorials/SteamMultiplay/PuzzlePlatforms/Content/MenuSystem/MainMenu.umap
[2018.02.26-12.59.09:933][618]LogBlueprintUserMessages: Early EndPlayMap Detection: Level '/Game/MenuSystem/MainMenu.MainMenu:PersistentLevel' has LevelScriptBlueprint '/Game/MenuSystem/MainMenu.MainMenu:PersistentLevel.MainMenu' with GeneratedClass '/Game/MenuSystem/MainMenu.MainMenu_C' with ClassGeneratedBy '/Game/MenuSystem/MainMenu.MainMenu:PersistentLevel.MainMenu'
[2018.02.26-12.59.09:970][618]LogOnline: Display: OSS: FOnlineSubsystemNull::Shutdown()
[2018.02.26-12.59.09:971][618]LogOnline: Display: OSS: FOnlineAsyncTaskManager::Stop() ActiveTask:0000000000000000 Tasks[0/0]
[2018.02.26-12.59.09:972][618]LogOnline: Display: OSS: FOnlineAsyncTaskManager::Exit() started
[2018.02.26-12.59.09:972][618]LogOnline: Display: OSS: FOnlineAsyncTaskManager::Exit() finished
[2018.02.26-12.59.09:972][618]LogPlayLevel: Display: Shutting down PIE online subsystems
[2018.02.26-12.59.09:972][618]LogBlueprintUserMessages: Late EndPlayMap Detection: Level '/Game/MenuSystem/MainMenu.MainMenu:PersistentLevel' has LevelScriptBlueprint '/Game/MenuSystem/MainMenu.MainMenu:PersistentLevel.MainMenu' with GeneratedClass '/Game/MenuSystem/MainMenu.MainMenu_C' with ClassGeneratedBy '/Game/MenuSystem/MainMenu.MainMenu:PersistentLevel.MainMenu'
[2018.02.26-12.59.10:034][622]LogPlayLevel: Display: Destroying online subsystem :Context_1
[2018.02.26-12.59.10:034][622]LogOnline: Display: OSS: FOnlineSubsystemNull::Shutdown()
[2018.02.26-12.59.12:311][882]Cmd: CLOSE_SLATE_MAINFRAME
[2018.02.26-12.59.12:414][882]LogWindowsTextInputMethodSystem: Display: IME system now activated using TSF (Microsoft 입력기).
[2018.02.26-12.59.12:414][882]LogWindowsTextInputMethodSystem: Display: IME system now activated using TSF (Microsoft 입력기).
[2018.02.26-12.59.12:418][882]LogWindowsTextInputMethodSystem: Display: IME system now activated using TSF (Microsoft 입력기).
[2018.02.26-12.59.12:418][882]LogWindowsTextInputMethodSystem: Display: IME system now activated using TSF (Microsoft 입력기).
[2018.02.26-12.59.12:641][883]Cmd: QUIT_EDITOR
[2018.02.26-12.59.13:091][883]LogWindowsTextInputMethodSystem: Display: IME system now activated using TSF (Microsoft 입력기).
[2018.02.26-12.59.13:092][883]LogWindowsTextInputMethodSystem: Display: IME system now activated using TSF (Microsoft 입력기).
[2018.02.26-12.59.13:142][883]LogExit: Preparing to exit.
[2018.02.26-12.59.14:160][883]LogExit: Editor shut down
[2018.02.26-12.59.14:162][883]LogExit: Transaction tracking system shut down
[2018.02.26-12.59.14:320][883]LogDirectoryWatcher: A directory notification for '../../../Engine/Content/' was aborted.
[2018.02.26-12.59.14:320][883]LogDirectoryWatcher: A directory notification for 'F:/UE4 Tutorials/SteamMultiplay/PuzzlePlatforms/Content/' was aborted.
[2018.02.26-12.59.14:320][883]LogDirectoryWatcher: A directory notification for '../../../Engine/Plugins/2D/Paper2D/Content/' was aborted.
[2018.02.26-12.59.14:320][883]LogDirectoryWatcher: A directory notification for '../../../Engine/Plugins/Media/MediaCompositing/Content/' was aborted.
[2018.02.26-12.59.14:320][883]LogDirectoryWatcher: A directory notification for '../../../Engine/Plugins/Runtime/AppleARKit/Content/' was aborted.
[2018.02.26-12.59.14:320][883]LogDirectoryWatcher: A directory notification for '../../../Engine/Plugins/Runtime/Oculus/OculusVR/Content/' was aborted.
[2018.02.26-12.59.14:320][883]LogDirectoryWatcher: A directory notification for '../../../Engine/Plugins/Runtime/Steam/SteamVR/Content/' was aborted.
[2018.02.26-12.59.14:363][883]LogExit: Object subsystem successfully closed.
[2018.02.26-12.59.14:384][883]LogD3D11RHI: Shutdown
[2018.02.26-12.59.14:384][883]LogD3D11RHI: CleanupD3DDevice
[2018.02.26-12.59.14:385][883]LogD3D11RHI: ~FD3D11DynamicRHI
[2018.02.26-12.59.14:416][883]LogModuleManager: Shutting down and abandoning module MovieSceneCapture (554)
[2018.02.26-12.59.14:416][883]LogModuleManager: Shutting down and abandoning module Voice (552)
[2018.02.26-12.59.14:416][883]LogModuleManager: Shutting down and abandoning module HierarchicalLODOutliner (550)
[2018.02.26-12.59.14:416][883]LogModuleManager: Shutting down and abandoning module DesktopPlatform (548)
[2018.02.26-12.59.14:416][883]LogModuleManager: Shutting down and abandoning module SceneOutliner (546)
[2018.02.26-12.59.14:416][883]LogModuleManager: Shutting down and abandoning module AddContentDialog (544)
[2018.02.26-12.59.14:416][883]LogDirectoryWatcher: A directory notification for 'C:/Program Files/Epic Games/UE_4.18/FeaturePacks/' was aborted.
[2018.02.26-12.59.14:417][883]LogModuleManager: Shutting down and abandoning module WidgetCarousel (543)
[2018.02.26-12.59.14:417][883]LogModuleManager: Shutting down and abandoning module EditorWidgets (540)
[2018.02.26-12.59.14:417][883]LogModuleManager: Shutting down and abandoning module CollectionManager (538)
[2018.02.26-12.59.14:417][883]LogDirectoryWatcher: A directory notification for 'F:/UE4 Tutorials/SteamMultiplay/PuzzlePlatforms/Content/Collections/' was aborted.
[2018.02.26-12.59.14:417][883]LogDirectoryWatcher: A directory notification for 'F:/UE4 Tutorials/SteamMultiplay/PuzzlePlatforms/Content/Developers/oldcl/Collections/' was aborted.
[2018.02.26-12.59.14:418][883]LogDirectoryWatcher: A directory notification for 'F:/UE4 Tutorials/SteamMultiplay/PuzzlePlatforms/Saved/Collections/' was aborted.
[2018.02.26-12.59.14:418][883]LogModuleManager: Shutting down and abandoning module StatsViewer (536)
[2018.02.26-12.59.14:418][883]LogModuleManager: Shutting down and abandoning module FoliageEdit (534)
[2018.02.26-12.59.14:418][883]LogModuleManager: Shutting down and abandoning module LandscapeEditor (532)
[2018.02.26-12.59.14:418][883]LogModuleManager: Shutting down and abandoning module MeshPaintMode (530)
[2018.02.26-12.59.14:418][883]LogModuleManager: Shutting down and abandoning module SceneDepthPickerMode (528)
[2018.02.26-12.59.14:418][883]LogModuleManager: Shutting down and abandoning module ActorPickerMode (526)
[2018.02.26-12.59.14:418][883]LogModuleManager: Shutting down and abandoning module GeometryMode (524)
[2018.02.26-12.59.14:418][883]LogModuleManager: Shutting down and abandoning module TextureAlignMode (522)
[2018.02.26-12.59.14:418][883]LogModuleManager: Shutting down and abandoning module BspMode (520)
[2018.02.26-12.59.14:418][883]LogModuleManager: Shutting down and abandoning module PIEPreviewDeviceProfileSelector (518)
[2018.02.26-12.59.14:418][883]LogModuleManager: Shutting down and abandoning module HardwareSurvey (516)
[2018.02.26-12.59.14:418][883]LogModuleManager: Shutting down and abandoning module SequenceRecorderSections (514)
[2018.02.26-12.59.14:418][883]LogModuleManager: Shutting down and abandoning module AutomationWorker (512)
[2018.02.26-12.59.14:418][883]LogModuleManager: Shutting down and abandoning module MatineeToLevelSequence (510)
[2018.02.26-12.59.14:418][883]LogModuleManager: Shutting down and abandoning module LevelSequenceEditor (508)
[2018.02.26-12.59.14:418][883]LogModuleManager: Shutting down and abandoning module PlacementMode (507)
[2018.02.26-12.59.14:419][883]LogModuleManager: Shutting down and abandoning module WmfMediaFactory (504)
[2018.02.26-12.59.14:419][883]LogModuleManager: Shutting down and abandoning module WmfMediaEditor (502)
[2018.02.26-12.59.14:419][883]LogModuleManager: Shutting down and abandoning module OpenExrWrapper (500)
[2018.02.26-12.59.14:419][883]LogModuleManager: Shutting down and abandoning module ImgMediaFactory (498)
[2018.02.26-12.59.14:419][883]LogModuleManager: Shutting down and abandoning module ImgMediaEditor (496)
[2018.02.26-12.59.14:419][883]LogModuleManager: Shutting down and abandoning module AvfMediaFactory (494)
[2018.02.26-12.59.14:419][883]LogModuleManager: Shutting down and abandoning module AvfMediaEditor (492)
[2018.02.26-12.59.14:419][883]LogModuleManager: Shutting down and abandoning module AndroidMediaFactory (490)
[2018.02.26-12.59.14:419][883]LogModuleManager: Shutting down and abandoning module AndroidMediaEditor (488)
[2018.02.26-12.59.14:419][883]LogModuleManager: Shutting down and abandoning module CharacterAI (486)
[2018.02.26-12.59.14:419][883]LogModuleManager: Shutting down and abandoning module AudioCapture (484)
[2018.02.26-12.59.14:419][883]LogModuleManager: Shutting down and abandoning module SequenceRecorder (483)
[2018.02.26-12.59.14:419][883]LogModuleManager: Shutting down and abandoning module SmartSnapping (480)
[2018.02.26-12.59.14:419][883]LogModuleManager: Shutting down and abandoning module SessionServices (478)
[2018.02.26-12.59.14:419][883]LogModuleManager: Shutting down and abandoning module ViewportSnapping (476)
[2018.02.26-12.59.14:419][883]LogModuleManager: Shutting down and abandoning module ViewportInteraction (474)
[2018.02.26-12.59.14:419][883]LogModuleManager: Shutting down and abandoning module ClothPainter (472)
[2018.02.26-12.59.14:419][883]LogModuleManager: Shutting down and abandoning module SkeletalMeshEditor (471)
[2018.02.26-12.59.14:419][883]LogModuleManager: Shutting down and abandoning module LogVisualizer (468)
[2018.02.26-12.59.14:419][883]LogModuleManager: Shutting down and abandoning module IntroTutorials (466)
[2018.02.26-12.59.14:419][883]LogModuleManager: Shutting down and abandoning module GameProjectGeneration (465)
[2018.02.26-12.59.14:419][883]LogModuleManager: Shutting down and abandoning module IOSPlatformEditor (462)
[2018.02.26-12.59.14:419][883]LogModuleManager: Shutting down and abandoning module HTML5PlatformEditor (460)
[2018.02.26-12.59.14:419][883]LogModuleManager: Shutting down and abandoning module AndroidPlatformEditor (458)
[2018.02.26-12.59.14:419][883]LogModuleManager: Shutting down and abandoning module AndroidDeviceDetection (457)
[2018.02.26-12.59.15:034][883]LogModuleManager: Shutting down and abandoning module WindowsPlatformEditor (454)
[2018.02.26-12.59.15:034][883]LogModuleManager: Shutting down and abandoning module IOSRuntimeSettings (452)
[2018.02.26-12.59.15:034][883]LogModuleManager: Shutting down and abandoning module AndroidRuntimeSettings (450)
[2018.02.26-12.59.15:034][883]LogModuleManager: Shutting down and abandoning module InputBindingEditor (448)
[2018.02.26-12.59.15:034][883]LogModuleManager: Shutting down and abandoning module MergeActors (446)
[2018.02.26-12.59.15:034][883]LogModuleManager: Shutting down and abandoning module SizeMap (444)
[2018.02.26-12.59.15:034][883]LogModuleManager: Shutting down and abandoning module TreeMap (442)
[2018.02.26-12.59.15:034][883]LogModuleManager: Shutting down and abandoning module ReferenceViewer (440)
[2018.02.26-12.59.15:034][883]LogModuleManager: Shutting down and abandoning module LocalizationDashboard (438)
[2018.02.26-12.59.15:035][883]LogModuleManager: Shutting down and abandoning module LocalizationService (437)
[2018.02.26-12.59.15:035][883]LogModuleManager: Shutting down and abandoning module HardwareTargeting (434)
[2018.02.26-12.59.15:035][883]LogModuleManager: Shutting down and abandoning module DeviceProfileEditor (432)
[2018.02.26-12.59.15:035][883]LogModuleManager: Shutting down and abandoning module UndoHistory (430)
[2018.02.26-12.59.15:035][883]LogModuleManager: Shutting down and abandoning module XmlParser (428)
[2018.02.26-12.59.15:035][883]LogModuleManager: Shutting down and abandoning module Blutility (426)
[2018.02.26-12.59.15:035][883]LogModuleManager: Shutting down and abandoning module ProjectSettingsViewer (424)
[2018.02.26-12.59.15:035][883]LogModuleManager: Shutting down and abandoning module ProjectTargetPlatformEditor (423)
[2018.02.26-12.59.15:035][883]LogModuleManager: Shutting down and abandoning module EditorSettingsViewer (420)
[2018.02.26-12.59.15:035][883]LogModuleManager: Shutting down and abandoning module SettingsEditor (418)
[2018.02.26-12.59.15:035][883]LogModuleManager: Shutting down and abandoning module ProjectLauncher (416)
[2018.02.26-12.59.15:035][883]LogModuleManager: Shutting down and abandoning module SessionFrontend (414)
[2018.02.26-12.59.15:035][883]LogModuleManager: Shutting down and abandoning module ProfilerClient (412)
[2018.02.26-12.59.15:035][883]LogModuleManager: Shutting down and abandoning module DeviceManager (410)
[2018.02.26-12.59.15:035][883]LogModuleManager: Shutting down and abandoning module TargetDeviceServices (409)
[2018.02.26-12.59.15:090][883]LogModuleManager: Shutting down and abandoning module AutomationController (406)
[2018.02.26-12.59.15:090][883]LogModuleManager: Shutting down and abandoning module AutomationWindow (404)
[2018.02.26-12.59.15:090][883]LogModuleManager: Shutting down and abandoning module Layers (402)
[2018.02.26-12.59.15:090][883]LogModuleManager: Shutting down and abandoning module ComponentVisualizers (400)
[2018.02.26-12.59.15:090][883]LogModuleManager: Shutting down and abandoning module DetailCustomizations (398)
[2018.02.26-12.59.15:090][883]LogModuleManager: Shutting down and abandoning module PackagesDialog (396)
[2018.02.26-12.59.15:090][883]LogModuleManager: Shutting down and abandoning module Persona (394)
[2018.02.26-12.59.15:090][883]LogModuleManager: Shutting down and abandoning module AdvancedPreviewScene (393)
[2018.02.26-12.59.15:090][883]LogModuleManager: Shutting down and abandoning module AnimGraph (391)
[2018.02.26-12.59.15:090][883]LogModuleManager: Shutting down and abandoning module Kismet (388)
[2018.02.26-12.59.15:090][883]LogModuleManager: Shutting down and abandoning module ClassViewer (386)
[2018.02.26-12.59.15:091][883]LogModuleManager: Shutting down and abandoning module Toolbox (384)
[2018.02.26-12.59.15:091][883]LogModuleManager: Shutting down and abandoning module ModuleUI (382)
[2018.02.26-12.59.15:091][883]LogModuleManager: Shutting down and abandoning module MovieSceneTools (380)
[2018.02.26-12.59.15:091][883]LogModuleManager: Shutting down and abandoning module OutputLog (378)
[2018.02.26-12.59.15:091][883]LogModuleManager: Shutting down and abandoning module GammaUI (376)
[2018.02.26-12.59.15:091][883]LogModuleManager: Shutting down and abandoning module Documentation (374)
[2018.02.26-12.59.15:091][883]LogModuleManager: Shutting down and abandoning module MovieSceneTracks (372)
[2018.02.26-12.59.15:091][883]LogModuleManager: Shutting down and abandoning module MovieScene (370)
[2018.02.26-12.59.15:091][883]LogModuleManager: Shutting down and abandoning module StreamingPauseRendering (368)
[2018.02.26-12.59.15:091][883]LogModuleManager: Shutting down and abandoning module LauncherPlatform (366)
[2018.02.26-12.59.15:091][883]LogModuleManager: Shutting down and abandoning module AnalyticsET (364)
[2018.02.26-12.59.15:091][883]LogModuleManager: Shutting down and abandoning module PortalServices (362)
[2018.02.26-12.59.15:091][883]LogModuleManager: Shutting down and abandoning module PortalRpc (360)
[2018.02.26-12.59.15:091][883]LogModuleManager: Shutting down and abandoning module MessagingRpc (358)
[2018.02.26-12.59.15:091][883]LogModuleManager: Shutting down and abandoning module AIModule (356)
[2018.02.26-12.59.15:091][883]LogModuleManager: Shutting down and abandoning module GameplayDebugger (355)
[2018.02.26-12.59.15:091][883]LogModuleManager: Shutting down and abandoning module AITestSuite (353)
[2018.02.26-12.59.15:091][883]LogModuleManager: Shutting down and abandoning module ProfilerService (350)
[2018.02.26-12.59.15:238][883]LogModuleManager: Shutting down and abandoning module TaskGraph (348)
[2018.02.26-12.59.15:238][883]LogModuleManager: Shutting down and abandoning module SteamVRController (346)
[2018.02.26-12.59.15:238][883]LogModuleManager: Shutting down and abandoning module ProceduralMeshComponentEditor (344)
[2018.02.26-12.59.15:238][883]LogModuleManager: Shutting down and abandoning module ProceduralMeshComponent (342)
[2018.02.26-12.59.15:238][883]LogModuleManager: Shutting down and abandoning module OculusInput (340)
[2018.02.26-12.59.15:238][883]LogModuleManager: Shutting down and abandoning module MobilePatchingUtils (338)
[2018.02.26-12.59.15:238][883]LogModuleManager: Shutting down and abandoning module CustomMeshComponent (336)
[2018.02.26-12.59.15:238][883]LogModuleManager: Shutting down and abandoning module CableComponent (334)
[2018.02.26-12.59.15:238][883]LogModuleManager: Shutting down and abandoning module ArchVisCharacter (332)
[2018.02.26-12.59.15:238][883]LogModuleManager: Shutting down and abandoning module AndroidPermission (330)
[2018.02.26-12.59.15:239][883]LogModuleManager: Shutting down and abandoning module ActorSequence (328)
[2018.02.26-12.59.15:239][883]LogModuleManager: Shutting down and abandoning module MediaPlayerEditor (326)
[2018.02.26-12.59.15:239][883]LogModuleManager: Shutting down and abandoning module MediaCompositingEditor (324)
[2018.02.26-12.59.15:239][883]LogModuleManager: Shutting down and abandoning module MediaCompositing (322)
[2018.02.26-12.59.15:239][883]LogModuleManager: Shutting down and abandoning module HTML5Networking (320)
[2018.02.26-12.59.15:239][883]LogModuleManager: Shutting down and abandoning module AlembicImporter (318)
[2018.02.26-12.59.15:239][883]LogModuleManager: Shutting down and abandoning module AlembicLibrary (317)
[2018.02.26-12.59.15:239][883]LogModuleManager: Shutting down and abandoning module GeometryCache (316)
[2018.02.26-12.59.15:239][883]LogModuleManager: Shutting down and abandoning module GeometryCacheEd (315)
[2018.02.26-12.59.15:239][883]LogModuleManager: Shutting down and abandoning module SpeedTreeImporter (310)
[2018.02.26-12.59.15:239][883]LogModuleManager: Shutting down and abandoning module PluginBrowser (308)
[2018.02.26-12.59.15:239][883]LogModuleManager: Shutting down and abandoning module MobileLauncherProfileWizard (306)
[2018.02.26-12.59.15:239][883]LogModuleManager: Shutting down and abandoning module VisualStudioSourceCodeAccess (304)
[2018.02.26-12.59.15:239][883]LogModuleManager: Shutting down and abandoning module VisualStudioCodeSourceCodeAccess (302)
[2018.02.26-12.59.15:239][883]LogModuleManager: Shutting down and abandoning module UObjectPlugin (300)
[2018.02.26-12.59.15:239][883]LogModuleManager: Shutting down and abandoning module SubversionSourceControl (298)
[2018.02.26-12.59.15:239][883]LogModuleManager: Shutting down and abandoning module PerforceSourceControl (296)
[2018.02.26-12.59.15:239][883]LogModuleManager: Shutting down and abandoning module GitSourceControl (294)
[2018.02.26-12.59.15:239][883]LogModuleManager: Shutting down and abandoning module SourceControl (293)
[2018.02.26-12.59.15:239][883]LogModuleManager: Shutting down and abandoning module LightPropagationVolumeEditor (290)
[2018.02.26-12.59.15:239][883]LogModuleManager: Shutting down and abandoning module PaperTiledImporter (288)
[2018.02.26-12.59.15:239][883]LogModuleManager: Shutting down and abandoning module PaperSpriteSheetImporter (286)
[2018.02.26-12.59.15:239][883]LogModuleManager: Shutting down and abandoning module Paper2DEditor (284)
[2018.02.26-12.59.15:239][883]LogModuleManager: Shutting down and abandoning module MeshPaint (283)
[2018.02.26-12.59.15:240][883]LogModuleManager: Shutting down and abandoning module LevelEditor (281)
[2018.02.26-12.59.15:240][883]LogModuleManager: Shutting down and abandoning module PixelInspectorModule (280)
[2018.02.26-12.59.15:240][883]LogModuleManager: Shutting down and abandoning module MainFrame (278)
[2018.02.26-12.59.15:241][883]LogModuleManager: Shutting down and abandoning module HotReload (277)
[2018.02.26-12.59.15:241][883]LogDirectoryWatcher: A directory notification for 'F:/UE4 Tutorials/SteamMultiplay/PuzzlePlatforms/Binaries/Win64' was aborted.
[2018.02.26-12.59.15:241][883]LogModuleManager: Shutting down and abandoning module PuzzlePlatforms (272)
[2018.02.26-12.59.15:241][883]LogModuleManager: Shutting down and abandoning module RuntimePhysXCooking (270)
[2018.02.26-12.59.15:241][883]LogModuleManager: Shutting down and abandoning module PhysXVehiclesEditor (268)
[2018.02.26-12.59.15:241][883]LogModuleManager: Shutting down and abandoning module PhysXVehicles (266)
[2018.02.26-12.59.15:242][883]LogModuleManager: Shutting down and abandoning module OculusEditor (264)
[2018.02.26-12.59.15:242][883]LogModuleManager: Shutting down and abandoning module LocationServicesBPLibrary (262)
[2018.02.26-12.59.15:242][883]LogModuleManager: Shutting down and abandoning module ImmediatePhysicsEditor (260)
[2018.02.26-12.59.15:242][883]LogModuleManager: Shutting down and abandoning module ImmediatePhysics (258)
[2018.02.26-12.59.15:242][883]LogModuleManager: Shutting down and abandoning module UdpMessaging (256)
[2018.02.26-12.59.15:343][883]LogModuleManager: Shutting down and abandoning module TcpMessaging (254)
[2018.02.26-12.59.15:444][883]LogModuleManager: Shutting down and abandoning module GameplayTagsEditor (252)
[2018.02.26-12.59.15:444][883]LogModuleManager: Shutting down and abandoning module FacialAnimationEditor (250)
[2018.02.26-12.59.15:444][883]LogModuleManager: Shutting down and abandoning module FacialAnimation (248)
[2018.02.26-12.59.15:444][883]LogModuleManager: Shutting down and abandoning module AssetManagerEditor (246)
[2018.02.26-12.59.15:444][883]LogModuleManager: Shutting down and abandoning module GraphEditor (245)
[2018.02.26-12.59.15:444][883]LogModuleManager: Shutting down and abandoning module ContentBrowser (243)
[2018.02.26-12.59.15:445][883]LogModuleManager: Shutting down and abandoning module LightPropagationVolumeRuntime (240)
[2018.02.26-12.59.15:445][883]LogModuleManager: Shutting down and abandoning module Paper2D (238)
[2018.02.26-12.59.15:445][883]LogModuleManager: Shutting down and abandoning module WindowsMoviePlayer (236)
[2018.02.26-12.59.15:445][883]LogModuleManager: Shutting down and abandoning module WmfMedia (234)
[2018.02.26-12.59.15:447][883]LogModuleManager: Shutting down and abandoning module ImgMedia (232)
[2018.02.26-12.59.15:447][883]LogModuleManager: Shutting down and abandoning module PacketHandler (230)
[2018.02.26-12.59.15:447][883]LogModuleManager: Shutting down and abandoning module ClothingSystemEditor (228)
[2018.02.26-12.59.15:447][883]LogModuleManager: Shutting down and abandoning module ClothingSystemRuntime (226)
[2018.02.26-12.59.15:447][883]LogModuleManager: Shutting down and abandoning module MediaAssets (224)
[2018.02.26-12.59.15:447][883]LogModuleManager: Shutting down and abandoning module Media (223)
[2018.02.26-12.59.15:453][883]LogModuleManager: Shutting down and abandoning module Overlay (220)
[2018.02.26-12.59.15:453][883]LogModuleManager: Shutting down and abandoning module OverlayEditor (219)
[2018.02.26-12.59.15:453][883]LogModuleManager: Shutting down and abandoning module VREditor (216)
[2018.02.26-12.59.15:453][883]LogModuleManager: Shutting down and abandoning module StringTableEditor (214)
[2018.02.26-12.59.15:453][883]LogModuleManager: Shutting down and abandoning module GameplayTasksEditor (212)
[2018.02.26-12.59.15:453][883]LogModuleManager: Shutting down and abandoning module BehaviorTreeEditor (210)
[2018.02.26-12.59.15:453][883]LogModuleManager: Shutting down and abandoning module FunctionalTesting (208)
[2018.02.26-12.59.15:453][883]LogModuleManager: Shutting down and abandoning module CollisionAnalyzer (206)
[2018.02.26-12.59.15:453][883]LogModuleManager: Shutting down and abandoning module WorkspaceMenuStructure (205)
[2018.02.26-12.59.15:453][883]LogModuleManager: Shutting down and abandoning module UMG (202)
[2018.02.26-12.59.15:453][883]LogModuleManager: Shutting down and abandoning module UMGEditor (201)
[2018.02.26-12.59.15:453][883]LogModuleManager: Shutting down and abandoning module Sequencer (200)
[2018.02.26-12.59.15:454][883]LogModuleManager: Shutting down and abandoning module MessageLog (197)
[2018.02.26-12.59.15:454][883]LogModuleManager: Shutting down and abandoning module SlateReflector (192)
[2018.02.26-12.59.15:454][883]LogModuleManager: Shutting down and abandoning module Slate (190)
[2018.02.26-12.59.15:454][883]LogModuleManager: Shutting down and abandoning module EditorStyle (188)
[2018.02.26-12.59.15:457][883]LogModuleManager: Shutting down and abandoning module MRMesh (186)
[2018.02.26-12.59.15:457][883]LogModuleManager: Shutting down and abandoning module SourceCodeAccess (184)
[2018.02.26-12.59.15:457][883]LogModuleManager: Shutting down and abandoning module HeadMountedDisplay (182)
[2018.02.26-12.59.15:457][883]LogModuleManager: Shutting down and abandoning module XAudio2 (180)
[2018.02.26-12.59.15:457][883]LogModuleManager: Shutting down and abandoning module Networking (178)
[2018.02.26-12.59.15:457][883]LogModuleManager: Shutting down and abandoning module Core (176)
[2018.02.26-12.59.15:457][883]LogModuleManager: Shutting down and abandoning module LevelSequence (172)
[2018.02.26-12.59.15:457][883]LogModuleManager: Shutting down and abandoning module DirectoryWatcher (170)
[2018.02.26-12.59.15:458][883]LogModuleManager: Shutting down and abandoning module KismetCompiler (168)
[2018.02.26-12.59.15:458][883]LogModuleManager: Shutting down and abandoning module MeshUtilities (166)
[2018.02.26-12.59.15:458][883]LogModuleManager: Shutting down and abandoning module MeshMergeUtilities (165)
[2018.02.26-12.59.15:458][883]LogModuleManager: Shutting down and abandoning module MeshReductionInterface (164)
[2018.02.26-12.59.15:458][883]LogModuleManager: Shutting down and abandoning module SimplygonSwarm (163)
[2018.02.26-12.59.15:458][883]LogModuleManager: Shutting down and abandoning module SimplygonMeshReduction (161)
[2018.02.26-12.59.15:458][883]LogModuleManager: Shutting down and abandoning module QuadricMeshReduction (159)
[2018.02.26-12.59.15:458][883]LogModuleManager: Shutting down and abandoning module MaterialBaking (155)
[2018.02.26-12.59.15:458][883]LogModuleManager: Shutting down and abandoning module DerivedDataCache (152)
[2018.02.26-12.59.15:478][883]LogDerivedDataCache: Shutdown
[2018.02.26-12.59.15:478][883]LogModuleManager: Shutting down and abandoning module TargetPlatform (150)
[2018.02.26-12.59.15:478][883]LogModuleManager: Shutting down and abandoning module VulkanShaderFormat (149)
[2018.02.26-12.59.15:478][883]LogModuleManager: Shutting down and abandoning module ShaderFormatVectorVM (147)
[2018.02.26-12.59.15:478][883]LogModuleManager: Shutting down and abandoning module ShaderFormatOpenGL (145)
[2018.02.26-12.59.15:478][883]LogModuleManager: Shutting down and abandoning module ShaderFormatD3D (143)
[2018.02.26-12.59.15:478][883]LogModuleManager: Shutting down and abandoning module MetalShaderFormat (141)
[2018.02.26-12.59.15:478][883]LogModuleManager: Shutting down and abandoning module TextureFormatUncompressed (139)
[2018.02.26-12.59.15:478][883]LogModuleManager: Shutting down and abandoning module TextureFormatPVR (137)
[2018.02.26-12.59.15:478][883]LogModuleManager: Shutting down and abandoning module TextureFormatDXT (135)
[2018.02.26-12.59.15:478][883]LogModuleManager: Shutting down and abandoning module TextureFormatIntelISPCTexComp (133)
[2018.02.26-12.59.15:478][883]LogModuleManager: Shutting down and abandoning module TextureFormatASTC (131)
[2018.02.26-12.59.15:478][883]LogModuleManager: Shutting down and abandoning module ImageWrapper (130)
[2018.02.26-12.59.15:478][883]LogModuleManager: Shutting down and abandoning module TextureFormatAndroid (127)
[2018.02.26-12.59.15:478][883]LogModuleManager: Shutting down and abandoning module AudioFormatOpus (125)
[2018.02.26-12.59.15:478][883]LogModuleManager: Shutting down and abandoning module AudioFormatOgg (123)
[2018.02.26-12.59.15:478][883]LogModuleManager: Shutting down and abandoning module AudioFormatADPCM (121)
[2018.02.26-12.59.15:478][883]LogModuleManager: Shutting down and abandoning module LinuxTargetPlatform (119)
[2018.02.26-12.59.15:478][883]LogModuleManager: Shutting down and abandoning module LinuxServerTargetPlatform (117)
[2018.02.26-12.59.15:478][883]LogModuleManager: Shutting down and abandoning module LinuxNoEditorTargetPlatform (115)
[2018.02.26-12.59.15:478][883]LogModuleManager: Shutting down and abandoning module LinuxClientTargetPlatform (113)
[2018.02.26-12.59.15:478][883]LogModuleManager: Shutting down and abandoning module TVOSTargetPlatform (111)
[2018.02.26-12.59.15:478][883]LogModuleManager: Shutting down and abandoning module Messaging (109)
[2018.02.26-12.59.15:478][883]LogModuleManager: Shutting down and abandoning module IOSTargetPlatform (107)
[2018.02.26-12.59.15:478][883]LogModuleManager: Shutting down and abandoning module HTML5TargetPlatform (105)
[2018.02.26-12.59.15:478][883]LogModuleManager: Shutting down and abandoning module AndroidTargetPlatform (103)
[2018.02.26-12.59.15:479][883]LogModuleManager: Shutting down and abandoning module Android_PVRTCTargetPlatform (101)
[2018.02.26-12.59.15:479][883]LogModuleManager: Shutting down and abandoning module Android_MultiTargetPlatform (99)
[2018.02.26-12.59.15:479][883]LogModuleManager: Shutting down and abandoning module Android_ETC2TargetPlatform (97)
[2018.02.26-12.59.15:479][883]LogModuleManager: Shutting down and abandoning module Android_ETC1TargetPlatform (95)
[2018.02.26-12.59.15:479][883]LogModuleManager: Shutting down and abandoning module Android_DXTTargetPlatform (93)
[2018.02.26-12.59.15:479][883]LogModuleManager: Shutting down and abandoning module Android_ATCTargetPlatform (91)
[2018.02.26-12.59.15:479][883]LogModuleManager: Shutting down and abandoning module Android_ASTCTargetPlatform (89)
[2018.02.26-12.59.15:479][883]LogModuleManager: Shutting down and abandoning module WindowsTargetPlatform (87)
[2018.02.26-12.59.15:479][883]LogModuleManager: Shutting down and abandoning module WindowsServerTargetPlatform (85)
[2018.02.26-12.59.15:479][883]LogModuleManager: Shutting down and abandoning module WindowsNoEditorTargetPlatform (83)
[2018.02.26-12.59.15:479][883]LogModuleManager: Shutting down and abandoning module WindowsClientTargetPlatform (81)
[2018.02.26-12.59.15:479][883]LogModuleManager: Shutting down and abandoning module MacTargetPlatform (79)
[2018.02.26-12.59.15:479][883]LogModuleManager: Shutting down and abandoning module MacServerTargetPlatform (77)
[2018.02.26-12.59.15:479][883]LogModuleManager: Shutting down and abandoning module MacNoEditorTargetPlatform (75)
[2018.02.26-12.59.15:479][883]LogModuleManager: Shutting down and abandoning module MacClientTargetPlatform (73)
[2018.02.26-12.59.15:479][883]LogModuleManager: Shutting down and abandoning module AllDesktopTargetPlatform (71)
[2018.02.26-12.59.15:479][883]LogModuleManager: Shutting down and abandoning module InputCore (68)
[2018.02.26-12.59.15:479][883]LogModuleManager: Shutting down and abandoning module Settings (66)
[2018.02.26-12.59.15:479][883]LogModuleManager: Shutting down and abandoning module PhysXCooking (64)
[2018.02.26-12.59.15:479][883]LogModuleManager: Shutting down and abandoning module SteamVR (62)
[2018.02.26-12.59.15:479][883]LogModuleManager: Shutting down and abandoning module OculusHMD (60)
[2018.02.26-12.59.15:479][883]LogModuleManager: Shutting down and abandoning module ExampleDeviceProfileSelector (58)
[2018.02.26-12.59.15:479][883]LogModuleManager: Shutting down and abandoning module AppleARKit (56)
[2018.02.26-12.59.15:479][883]LogModuleManager: Shutting down and abandoning module AugmentedReality (55)
[2018.02.26-12.59.15:479][883]LogModuleManager: Shutting down and abandoning module OnlineBlueprintSupport (52)
[2018.02.26-12.59.15:479][883]LogModuleManager: Shutting down and abandoning module OnlineSubsystem (48)
[2018.02.26-12.59.15:479][883]LogOnline: Display: OSS: FOnlineSubsystemNull::Shutdown()
[2018.02.26-12.59.15:479][883]LogOnline: Display: OSS: FOnlineAsyncTaskManager::Stop() ActiveTask:0000000000000000 Tasks[0/0]
[2018.02.26-12.59.15:480][883]LogOnline: Display: OSS: FOnlineAsyncTaskManager::Exit() started
[2018.02.26-12.59.15:480][883]LogOnline: Display: OSS: FOnlineAsyncTaskManager::Exit() finished
[2018.02.26-12.59.15:480][883]LogModuleManager: Shutting down and abandoning module XMPP (43)
[2018.02.26-12.59.15:480][883]LogModuleManager: Shutting down and abandoning module HTTP (41)
[2018.02.26-12.59.15:480][883]LogHttp: Display: Http module shutting down, but needs to wait on 1 outstanding Http requests:
[2018.02.26-12.59.15:480][883]LogHttp: Display: 	verb=[POST] url=[https://datarouter.ol.epicgames.com/datarouter/api/v1/public/data?SessionID=%7BA4DA1C7E-4D8D-0F7B-9E14-F6851D940E2C%7D&AppID=UEEditor.Rocket.Release&AppVersion=4.18.3-3832480%2B%2B%2BUE4%2BRelease-4.18&UserID=1d6ff7044444d78f5b5cdf8e0aa087d6%7Cad509ed7b2e94e7a9ea728c0df1179a2%7Cd2653401-6fad-4c18-8489-8e0a6121f5ef&AppEnvironment=datacollector-binary&UploadType=eteventstream] status=Processing
[2018.02.26-12.59.15:509][883]LogModuleManager: Shutting down and abandoning module SSL (40)
[2018.02.26-12.59.15:510][883]LogModuleManager: Shutting down and abandoning module AnimationModifiers (36)
[2018.02.26-12.59.15:510][883]LogModuleManager: Shutting down and abandoning module PropertyEditor (35)
[2018.02.26-12.59.15:510][883]LogModuleManager: Shutting down and abandoning module AudioEditor (32)
[2018.02.26-12.59.15:510][883]LogModuleManager: Shutting down and abandoning module TextureCompressor (30)
[2018.02.26-12.59.15:510][883]LogModuleManager: Shutting down and abandoning module ShaderCore (28)
[2018.02.26-12.59.15:510][883]LogModuleManager: Shutting down and abandoning module Landscape (26)
[2018.02.26-12.59.15:510][883]LogModuleManager: Shutting down and abandoning module SlateRHIRenderer (24)
[2018.02.26-12.59.15:512][883]LogModuleManager: Shutting down and abandoning module OpenGLDrv (22)
[2018.02.26-12.59.15:512][883]LogModuleManager: Shutting down and abandoning module D3D11RHI (20)
[2018.02.26-12.59.15:512][883]LogModuleManager: Shutting down and abandoning module AnimGraphRuntime (18)
[2018.02.26-12.59.15:512][883]LogModuleManager: Shutting down and abandoning module Renderer (16)
[2018.02.26-12.59.15:512][883]LogModuleManager: Shutting down and abandoning module Engine (14)
[2018.02.26-12.59.15:512][883]LogModuleManager: Shutting down and abandoning module CoreUObject (12)
[2018.02.26-12.59.15:512][883]LogModuleManager: Shutting down and abandoning module NetworkFile (10)
[2018.02.26-12.59.15:512][883]LogModuleManager: Shutting down and abandoning module CookedIterativeFile (8)
[2018.02.26-12.59.15:512][883]LogModuleManager: Shutting down and abandoning module StreamingFile (6)
[2018.02.26-12.59.15:512][883]LogModuleManager: Shutting down and abandoning module SandboxFile (4)
[2018.02.26-12.59.15:512][883]LogModuleManager: Shutting down and abandoning module PakFile (2)
[2018.02.26-12.59.15:515][883]LogExit: Exiting.
[2018.02.26-12.59.15:533][883]Log file closed, 02/26/18 21:59:15
