f:\ue4 tutorials\steammultiplay\sdk\steamworksexample\debug\vc141.pdb
f:\ue4 tutorials\steammultiplay\sdk\steamworksexample\debug\vc141.idb
f:\ue4 tutorials\steammultiplay\sdk\steamworksexample\debug\leaderboards.obj
f:\ue4 tutorials\steammultiplay\sdk\steamworksexample\debug\lobby.obj
f:\ue4 tutorials\steammultiplay\sdk\steamworksexample\debug\main.obj
f:\ue4 tutorials\steammultiplay\sdk\steamworksexample\debug\mainmenu.obj
f:\ue4 tutorials\steammultiplay\sdk\steamworksexample\debug\musicplayer.obj
f:\ue4 tutorials\steammultiplay\sdk\steamworksexample\debug\p2pauth.obj
f:\ue4 tutorials\steammultiplay\sdk\steamworksexample\debug\photonbeam.obj
f:\ue4 tutorials\steammultiplay\sdk\steamworksexample\debug\quitmenu.obj
f:\ue4 tutorials\steammultiplay\sdk\steamworksexample\debug\remotestorage.obj
f:\ue4 tutorials\steammultiplay\sdk\steamworksexample\debug\serverbrowser.obj
f:\ue4 tutorials\steammultiplay\sdk\steamworksexample\debug\ship.obj
f:\ue4 tutorials\steammultiplay\sdk\steamworksexample\debug\spacewarclient.obj
f:\ue4 tutorials\steammultiplay\sdk\steamworksexample\debug\spacewarentity.obj
f:\ue4 tutorials\steammultiplay\sdk\steamworksexample\debug\spacewarserver.obj
f:\ue4 tutorials\steammultiplay\sdk\steamworksexample\debug\starfield.obj
f:\ue4 tutorials\steammultiplay\sdk\steamworksexample\debug\statsandachievements.obj
f:\ue4 tutorials\steammultiplay\sdk\steamworksexample\debug\stdafx.obj
f:\ue4 tutorials\steammultiplay\sdk\steamworksexample\debug\sun.obj
f:\ue4 tutorials\steammultiplay\sdk\steamworksexample\debug\vectorentity.obj
f:\ue4 tutorials\steammultiplay\sdk\steamworksexample\debug\voicechat.obj
f:\ue4 tutorials\steammultiplay\sdk\steamworksexample\debug\basemenu.obj
f:\ue4 tutorials\steammultiplay\sdk\steamworksexample\debug\clanchatroom.obj
f:\ue4 tutorials\steammultiplay\sdk\steamworksexample\debug\connectingmenu.obj
f:\ue4 tutorials\steammultiplay\sdk\steamworksexample\debug\friends.obj
f:\ue4 tutorials\steammultiplay\sdk\steamworksexample\debug\gameenginewin32.obj
f:\ue4 tutorials\steammultiplay\sdk\steamworksexample\debug\htmlsurface.obj
f:\ue4 tutorials\steammultiplay\sdk\steamworksexample\debug\inventory.obj
f:\ue4 tutorials\steammultiplay\sdk\steamworksexample\debug\steamworksexample.ilk
f:\ue4 tutorials\steammultiplay\sdk\steamworksexample\debug\steamworksexample.exe
f:\ue4 tutorials\steammultiplay\sdk\steamworksexample\debug\steamworksexample.pdb
f:\ue4 tutorials\steammultiplay\sdk\steamworksexample\.\debug\steamworksexample.exe
f:\ue4 tutorials\steammultiplay\sdk\steamworksexample\debug\steamwor.f9b80fd0.tlog\cl.command.1.tlog
f:\ue4 tutorials\steammultiplay\sdk\steamworksexample\debug\steamwor.f9b80fd0.tlog\cl.read.1.tlog
f:\ue4 tutorials\steammultiplay\sdk\steamworksexample\debug\steamwor.f9b80fd0.tlog\cl.write.1.tlog
f:\ue4 tutorials\steammultiplay\sdk\steamworksexample\debug\steamwor.f9b80fd0.tlog\link.command.1.tlog
f:\ue4 tutorials\steammultiplay\sdk\steamworksexample\debug\steamwor.f9b80fd0.tlog\link.read.1.tlog
f:\ue4 tutorials\steammultiplay\sdk\steamworksexample\debug\steamwor.f9b80fd0.tlog\link.write.1.tlog
